  [4;36;1mSQL (0.2ms)[0m   [0;1mSET NAMES 'utf8'[0m
  [4;35;1mSQL (0.1ms)[0m   [0mSET SQL_AUTO_IS_NULL=0[0m


Processing GooglemapController#index (for 127.0.0.1 at 2011-02-11 14:56:01) [GET]
Rendering googlemap/index
Completed in 151ms (View: 148, DB: 0) | 200 OK [http://localhost/googlemap]
  [4;36;1mSQL (0.1ms)[0m   [0;1mSET NAMES 'utf8'[0m
  [4;35;1mSQL (0.1ms)[0m   [0mSET SQL_AUTO_IS_NULL=0[0m


Processing GooglemapController#index (for 127.0.0.1 at 2011-02-11 14:58:35) [GET]
Rendering googlemap/index
Completed in 4ms (View: 1, DB: 0) | 200 OK [http://localhost/googlemap]
  [4;36;1mSQL (4.7ms)[0m   [0;1mSET NAMES 'utf8'[0m
  [4;35;1mSQL (0.1ms)[0m   [0mSET SQL_AUTO_IS_NULL=0[0m


Processing GooglemapController#index (for 127.0.0.1 at 2011-02-11 15:03:35) [GET]
  [4;36;1mZipCode Load (0.0ms)[0m   [0;1mMysql::Error: Table 'gmap_development.ZipCodes' doesn't exist: SELECT o.ZipCode, o.Latitude, o.Longitude, o.State,(3956 * (2 * ASIN(SQRT(POWER(SIN(((z.Latitude-o.Latitude)*0.017453293)/2),2) +COS(z.Latitude*0.017453293) *COS(o.Latitude*0.017453293) *POWER(SIN(((z.Longitude-o.Longitude)*0.017453293)/2),2))))) AS Distance
 FROM ZipCodes z,ZipCodes o,ZipCodes a
 WHERE z.ZipCode = 03038 AND z.ZipCode = a.ZipCode AND (3956 * (2 * ASIN(SQRT(POWER(SIN(((z.Latitude-o.Latitude)*0.017453293)/2),2) + COS(z.Latitude*0.017453293) * COS(o.Latitude*0.017453293) * POWER(SIN(((z.Longitude-o.Longitude)*0.017453293)/2),2))))) <= 10 ORDER BY Distance[0m

ActiveRecord::StatementInvalid (Mysql::Error: Table 'gmap_development.ZipCodes' doesn't exist:  SELECT o.ZipCode, o.Latitude, o.Longitude, o.State,(3956 * (2 * ASIN(SQRT(POWER(SIN(((z.Latitude-o.Latitude)*0.017453293)/2),2) +COS(z.Latitude*0.017453293) *COS(o.Latitude*0.017453293) *POWER(SIN(((z.Longitude-o.Longitude)*0.017453293)/2),2))))) AS Distance
                                  FROM ZipCodes z,ZipCodes o,ZipCodes a
                                  WHERE z.ZipCode = 03038  AND z.ZipCode = a.ZipCode AND (3956 * (2 * ASIN(SQRT(POWER(SIN(((z.Latitude-o.Latitude)*0.017453293)/2),2) + COS(z.Latitude*0.017453293) * COS(o.Latitude*0.017453293) * POWER(SIN(((z.Longitude-o.Longitude)*0.017453293)/2),2))))) <= 10 ORDER BY Distance):
  app/controllers/googlemap_controller.rb:4:in `index'
  /usr/local/ruby2/lib/ruby/1.8/webrick/httpserver.rb:104:in `service'
  /usr/local/ruby2/lib/ruby/1.8/webrick/httpserver.rb:65:in `run'
  /usr/local/ruby2/lib/ruby/1.8/webrick/server.rb:173:in `start_thread'
  /usr/local/ruby2/lib/ruby/1.8/webrick/server.rb:162

Rendered rescues/_trace (30.7ms)
Rendered rescues/_request_and_response (2.5ms)
Rendering rescues/layout (internal_server_error)
  [4;35;1mSQL (0.1ms)[0m   [0mSET NAMES 'utf8'[0m
  [4;36;1mSQL (0.1ms)[0m   [0;1mSET SQL_AUTO_IS_NULL=0[0m


Processing GooglemapController#index (for 127.0.0.1 at 2011-02-11 15:04:03) [GET]
  [4;35;1mZipCode Load (133.6ms)[0m   [0m SELECT o.ZipCode, o.Latitude, o.Longitude, o.State,(3956 * (2 * ASIN(SQRT(POWER(SIN(((z.Latitude-o.Latitude)*0.017453293)/2),2) +COS(z.Latitude*0.017453293) *COS(o.Latitude*0.017453293) *POWER(SIN(((z.Longitude-o.Longitude)*0.017453293)/2),2))))) AS Distance
 FROM zip_codes z,zip_codes o,zip_codes a
 WHERE z.ZipCode = 03038 AND z.ZipCode = a.ZipCode AND (3956 * (2 * ASIN(SQRT(POWER(SIN(((z.Latitude-o.Latitude)*0.017453293)/2),2) + COS(z.Latitude*0.017453293) * COS(o.Latitude*0.017453293) * POWER(SIN(((z.Longitude-o.Longitude)*0.017453293)/2),2))))) <= 10 ORDER BY Distance[0m
  [4;36;1mZipCode Columns (1.1ms)[0m   [0;1mSHOW FIELDS FROM `zip_codes`[0m

NoMethodError (undefined method `state' for #<ZipCode:0xb70d4c1c>):
  app/controllers/googlemap_controller.rb:12:in `index'
  app/controllers/googlemap_controller.rb:11:in `each'
  app/controllers/googlemap_controller.rb:11:in `index'
  /usr/local/ruby2/lib/ruby/1.8/webrick/httpserver.rb:104:in `service'
  /usr/local/ruby2/lib/ruby/1.8/webrick/httpserver.rb:65:in `run'
  /usr/local/ruby2/lib/ruby/1.8/webrick/server.rb:173:in `start_thread'
  /usr/local/ruby2/lib/ruby/1.8/webrick/server.rb:162

Rendered rescues/_trace (24.8ms)
Rendered rescues/_request_and_response (0.4ms)
Rendering rescues/layout (internal_server_error)
  [4;35;1mSQL (9.1ms)[0m   [0mSET NAMES 'utf8'[0m
  [4;36;1mSQL (0.1ms)[0m   [0;1mSET SQL_AUTO_IS_NULL=0[0m


Processing GooglemapController#index (for 127.0.0.1 at 2011-02-11 15:04:16) [GET]
  [4;35;1mZipCode Load (137.8ms)[0m   [0m SELECT o.ZipCode, o.Latitude, o.Longitude, o.State,(3956 * (2 * ASIN(SQRT(POWER(SIN(((z.Latitude-o.Latitude)*0.017453293)/2),2) +COS(z.Latitude*0.017453293) *COS(o.Latitude*0.017453293) *POWER(SIN(((z.Longitude-o.Longitude)*0.017453293)/2),2))))) AS Distance
 FROM zip_codes z,zip_codes o,zip_codes a
 WHERE z.ZipCode = 03038 AND z.ZipCode = a.ZipCode AND (3956 * (2 * ASIN(SQRT(POWER(SIN(((z.Latitude-o.Latitude)*0.017453293)/2),2) + COS(z.Latitude*0.017453293) * COS(o.Latitude*0.017453293) * POWER(SIN(((z.Longitude-o.Longitude)*0.017453293)/2),2))))) <= 10 ORDER BY Distance[0m
  [4;36;1mZipCode Columns (2.4ms)[0m   [0;1mSHOW FIELDS FROM `zip_codes`[0m
Rendering googlemap/index
Completed in 154ms (View: 1, DB: 149) | 200 OK [http://localhost/googlemap]
  [4;35;1mSQL (0.2ms)[0m   [0mSET NAMES 'utf8'[0m
  [4;36;1mSQL (0.1ms)[0m   [0;1mSET SQL_AUTO_IS_NULL=0[0m


Processing GooglemapController#index (for 127.0.0.1 at 2011-02-11 15:05:20) [GET]
  [4;35;1mZipCode Load (138.1ms)[0m   [0m SELECT o.ZipCode, o.Latitude, o.Longitude, o.State,(3956 * (2 * ASIN(SQRT(POWER(SIN(((z.Latitude-o.Latitude)*0.017453293)/2),2) +COS(z.Latitude*0.017453293) *COS(o.Latitude*0.017453293) *POWER(SIN(((z.Longitude-o.Longitude)*0.017453293)/2),2))))) AS Distance
 FROM zip_codes z,zip_codes o,zip_codes a
 WHERE z.ZipCode = 03038 AND z.ZipCode = a.ZipCode AND (3956 * (2 * ASIN(SQRT(POWER(SIN(((z.Latitude-o.Latitude)*0.017453293)/2),2) + COS(z.Latitude*0.017453293) * COS(o.Latitude*0.017453293) * POWER(SIN(((z.Longitude-o.Longitude)*0.017453293)/2),2))))) <= 10 ORDER BY Distance[0m
  [4;36;1mZipCode Columns (1.0ms)[0m   [0;1mSHOW FIELDS FROM `zip_codes`[0m
Rendering googlemap/index
Completed in 152ms (View: 1, DB: 139) | 200 OK [http://localhost/googlemap]
  [4;35;1mSQL (0.1ms)[0m   [0mSET NAMES 'utf8'[0m
  [4;36;1mSQL (0.2ms)[0m   [0;1mSET SQL_AUTO_IS_NULL=0[0m


Processing GooglemapController#index (for 127.0.0.1 at 2011-02-11 15:05:30) [GET]
  [4;35;1mZipCode Load (136.1ms)[0m   [0m SELECT o.ZipCode, o.Latitude, o.Longitude, o.State,(3956 * (2 * ASIN(SQRT(POWER(SIN(((z.Latitude-o.Latitude)*0.017453293)/2),2) +COS(z.Latitude*0.017453293) *COS(o.Latitude*0.017453293) *POWER(SIN(((z.Longitude-o.Longitude)*0.017453293)/2),2))))) AS Distance
 FROM zip_codes z,zip_codes o,zip_codes a
 WHERE z.ZipCode = 03038 AND z.ZipCode = a.ZipCode AND (3956 * (2 * ASIN(SQRT(POWER(SIN(((z.Latitude-o.Latitude)*0.017453293)/2),2) + COS(z.Latitude*0.017453293) * COS(o.Latitude*0.017453293) * POWER(SIN(((z.Longitude-o.Longitude)*0.017453293)/2),2))))) <= 10 ORDER BY Distance[0m
  [4;36;1mZipCode Columns (1.1ms)[0m   [0;1mSHOW FIELDS FROM `zip_codes`[0m
Rendering googlemap/index
Completed in 148ms (View: 1, DB: 138) | 200 OK [http://localhost/googlemap]
  [4;35;1mSQL (0.1ms)[0m   [0mSET NAMES 'utf8'[0m
  [4;36;1mSQL (0.1ms)[0m   [0;1mSET SQL_AUTO_IS_NULL=0[0m


Processing GooglemapController#index (for 127.0.0.1 at 2011-02-11 15:05:38) [GET]
  [4;35;1mZipCode Load (148.9ms)[0m   [0m SELECT o.ZipCode, o.Latitude, o.Longitude, o.State,(3956 * (2 * ASIN(SQRT(POWER(SIN(((z.Latitude-o.Latitude)*0.017453293)/2),2) +COS(z.Latitude*0.017453293) *COS(o.Latitude*0.017453293) *POWER(SIN(((z.Longitude-o.Longitude)*0.017453293)/2),2))))) AS Distance
 FROM zip_codes z,zip_codes o,zip_codes a
 WHERE z.ZipCode = 03038 AND z.ZipCode = a.ZipCode AND (3956 * (2 * ASIN(SQRT(POWER(SIN(((z.Latitude-o.Latitude)*0.017453293)/2),2) + COS(z.Latitude*0.017453293) * COS(o.Latitude*0.017453293) * POWER(SIN(((z.Longitude-o.Longitude)*0.017453293)/2),2))))) <= 10 ORDER BY Distance[0m
  [4;36;1mZipCode Columns (0.9ms)[0m   [0;1mSHOW FIELDS FROM `zip_codes`[0m
Rendering googlemap/index
Completed in 161ms (View: 1, DB: 150) | 200 OK [http://localhost/googlemap]
  [4;35;1mSQL (0.1ms)[0m   [0mSET NAMES 'utf8'[0m
  [4;36;1mSQL (0.1ms)[0m   [0;1mSET SQL_AUTO_IS_NULL=0[0m


Processing GooglemapController#index (for 127.0.0.1 at 2011-02-11 15:05:45) [GET]
  [4;35;1mZipCode Load (142.8ms)[0m   [0m SELECT o.ZipCode, o.Latitude, o.Longitude, o.State,(3956 * (2 * ASIN(SQRT(POWER(SIN(((z.Latitude-o.Latitude)*0.017453293)/2),2) +COS(z.Latitude*0.017453293) *COS(o.Latitude*0.017453293) *POWER(SIN(((z.Longitude-o.Longitude)*0.017453293)/2),2))))) AS Distance
 FROM zip_codes z,zip_codes o,zip_codes a
 WHERE z.ZipCode = 03038 AND z.ZipCode = a.ZipCode AND (3956 * (2 * ASIN(SQRT(POWER(SIN(((z.Latitude-o.Latitude)*0.017453293)/2),2) + COS(z.Latitude*0.017453293) * COS(o.Latitude*0.017453293) * POWER(SIN(((z.Longitude-o.Longitude)*0.017453293)/2),2))))) <= 10 ORDER BY Distance[0m
  [4;36;1mZipCode Columns (1.2ms)[0m   [0;1mSHOW FIELDS FROM `zip_codes`[0m
Rendering googlemap/index
Completed in 155ms (View: 1, DB: 144) | 200 OK [http://localhost/googlemap]
  [4;35;1mSQL (0.1ms)[0m   [0mSET NAMES 'utf8'[0m
  [4;36;1mSQL (0.1ms)[0m   [0;1mSET SQL_AUTO_IS_NULL=0[0m


Processing GooglemapController#index (for 127.0.0.1 at 2011-02-11 15:06:54) [GET]
  [4;35;1mZipCode Load (146.6ms)[0m   [0m SELECT o.ZipCode, o.Latitude, o.Longitude, o.State,(3956 * (2 * ASIN(SQRT(POWER(SIN(((z.Latitude-o.Latitude)*0.017453293)/2),2) +COS(z.Latitude*0.017453293) *COS(o.Latitude*0.017453293) *POWER(SIN(((z.Longitude-o.Longitude)*0.017453293)/2),2))))) AS Distance
 FROM zip_codes z,zip_codes o,zip_codes a
 WHERE z.ZipCode = 03038 AND z.ZipCode = a.ZipCode AND (3956 * (2 * ASIN(SQRT(POWER(SIN(((z.Latitude-o.Latitude)*0.017453293)/2),2) + COS(z.Latitude*0.017453293) * COS(o.Latitude*0.017453293) * POWER(SIN(((z.Longitude-o.Longitude)*0.017453293)/2),2))))) <= 50 ORDER BY Distance[0m
  [4;36;1mZipCode Columns (1.0ms)[0m   [0;1mSHOW FIELDS FROM `zip_codes`[0m
Rendering googlemap/index
Completed in 321ms (View: 8, DB: 148) | 200 OK [http://localhost/googlemap]
  [4;35;1mSQL (2.5ms)[0m   [0mSET NAMES 'utf8'[0m
  [4;36;1mSQL (0.1ms)[0m   [0;1mSET SQL_AUTO_IS_NULL=0[0m


Processing GooglemapController#index (for 127.0.0.1 at 2011-02-11 15:10:02) [GET]
  [4;35;1mZipCode Load (146.9ms)[0m   [0m SELECT o.ZipCode, o.Latitude, o.Longitude, o.State,(3956 * (2 * ASIN(SQRT(POWER(SIN(((z.Latitude-o.Latitude)*0.017453293)/2),2) +COS(z.Latitude*0.017453293) *COS(o.Latitude*0.017453293) *POWER(SIN(((z.Longitude-o.Longitude)*0.017453293)/2),2))))) AS Distance
 FROM zip_codes z,zip_codes o,zip_codes a
 WHERE z.ZipCode = 03038 AND z.ZipCode = a.ZipCode AND (3956 * (2 * ASIN(SQRT(POWER(SIN(((z.Latitude-o.Latitude)*0.017453293)/2),2) + COS(z.Latitude*0.017453293) * COS(o.Latitude*0.017453293) * POWER(SIN(((z.Longitude-o.Longitude)*0.017453293)/2),2))))) <= 5 ORDER BY Distance[0m
  [4;36;1mZipCode Columns (1.2ms)[0m   [0;1mSHOW FIELDS FROM `zip_codes`[0m
Rendering googlemap/index
Completed in 157ms (View: 1, DB: 151) | 200 OK [http://localhost/googlemap]
  [4;35;1mSQL (4.1ms)[0m   [0mSET NAMES 'utf8'[0m
  [4;36;1mSQL (0.2ms)[0m   [0;1mSET SQL_AUTO_IS_NULL=0[0m


Processing GooglemapController#index (for 127.0.0.1 at 2011-02-11 15:12:08) [GET]
  [4;35;1mZipCode Load (137.4ms)[0m   [0m SELECT o.ZipCode, o.Latitude, o.Longitude, o.State,(3956 * (2 * ASIN(SQRT(POWER(SIN(((z.Latitude-o.Latitude)*0.017453293)/2),2) +COS(z.Latitude*0.017453293) *COS(o.Latitude*0.017453293) *POWER(SIN(((z.Longitude-o.Longitude)*0.017453293)/2),2))))) AS Distance
 FROM zip_codes z,zip_codes o,zip_codes a
 WHERE z.ZipCode = 03038 AND z.ZipCode = a.ZipCode AND (3956 * (2 * ASIN(SQRT(POWER(SIN(((z.Latitude-o.Latitude)*0.017453293)/2),2) + COS(z.Latitude*0.017453293) * COS(o.Latitude*0.017453293) * POWER(SIN(((z.Longitude-o.Longitude)*0.017453293)/2),2))))) <= 5 ORDER BY Distance[0m
  [4;36;1mZipCode Columns (1.1ms)[0m   [0;1mSHOW FIELDS FROM `zip_codes`[0m
Rendering googlemap/index
Completed in 147ms (View: 1, DB: 143) | 200 OK [http://localhost/googlemap]
  [4;35;1mSQL (27.5ms)[0m   [0mSET NAMES 'utf8'[0m
  [4;36;1mSQL (0.2ms)[0m   [0;1mSET SQL_AUTO_IS_NULL=0[0m


Processing GooglemapController#index (for 127.0.0.1 at 2011-02-11 15:16:44) [GET]
  [4;35;1mZipCode Load (181.2ms)[0m   [0m SELECT o.ZipCode, o.Latitude, o.Longitude, o.State,(3956 * (2 * ASIN(SQRT(POWER(SIN(((z.Latitude-o.Latitude)*0.017453293)/2),2) +COS(z.Latitude*0.017453293) *COS(o.Latitude*0.017453293) *POWER(SIN(((z.Longitude-o.Longitude)*0.017453293)/2),2))))) AS Distance
 FROM zip_codes z,zip_codes o,zip_codes a
 WHERE z.ZipCode = 03038 AND z.ZipCode = a.ZipCode AND (3956 * (2 * ASIN(SQRT(POWER(SIN(((z.Latitude-o.Latitude)*0.017453293)/2),2) + COS(z.Latitude*0.017453293) * COS(o.Latitude*0.017453293) * POWER(SIN(((z.Longitude-o.Longitude)*0.017453293)/2),2))))) <= 5 ORDER BY Distance[0m
  [4;36;1mZipCode Columns (0.9ms)[0m   [0;1mSHOW FIELDS FROM `zip_codes`[0m
Rendering googlemap/index
Completed in 191ms (View: 1, DB: 210) | 200 OK [http://localhost/googlemap]
  [4;35;1mSQL (0.1ms)[0m   [0mSET NAMES 'utf8'[0m
  [4;36;1mSQL (0.1ms)[0m   [0;1mSET SQL_AUTO_IS_NULL=0[0m


Processing GooglemapController#index (for 127.0.0.1 at 2011-02-11 15:16:56) [GET]
  [4;35;1mZipCode Load (163.4ms)[0m   [0m SELECT o.ZipCode, o.Latitude, o.Longitude, o.State,(3956 * (2 * ASIN(SQRT(POWER(SIN(((z.Latitude-o.Latitude)*0.017453293)/2),2) +COS(z.Latitude*0.017453293) *COS(o.Latitude*0.017453293) *POWER(SIN(((z.Longitude-o.Longitude)*0.017453293)/2),2))))) AS Distance
 FROM zip_codes z,zip_codes o,zip_codes a
 WHERE z.ZipCode = 03038 AND z.ZipCode = a.ZipCode AND (3956 * (2 * ASIN(SQRT(POWER(SIN(((z.Latitude-o.Latitude)*0.017453293)/2),2) + COS(z.Latitude*0.017453293) * COS(o.Latitude*0.017453293) * POWER(SIN(((z.Longitude-o.Longitude)*0.017453293)/2),2))))) <= 50 ORDER BY Distance[0m
  [4;36;1mZipCode Columns (0.9ms)[0m   [0;1mSHOW FIELDS FROM `zip_codes`[0m
Rendering googlemap/index
Completed in 260ms (View: 2, DB: 165) | 200 OK [http://localhost/googlemap]
  [4;35;1mSQL (0.8ms)[0m   [0mSET NAMES 'utf8'[0m
  [4;36;1mSQL (0.1ms)[0m   [0;1mSET SQL_AUTO_IS_NULL=0[0m


Processing GooglemapController#index (for 127.0.0.1 at 2011-02-11 15:17:40) [GET]
  [4;35;1mZipCode Load (166.7ms)[0m   [0m SELECT o.ZipCode, o.Latitude, o.Longitude, o.State,(3956 * (2 * ASIN(SQRT(POWER(SIN(((z.Latitude-o.Latitude)*0.017453293)/2),2) +COS(z.Latitude*0.017453293) *COS(o.Latitude*0.017453293) *POWER(SIN(((z.Longitude-o.Longitude)*0.017453293)/2),2))))) AS Distance
 FROM zip_codes z,zip_codes o,zip_codes a
 WHERE z.ZipCode = 03038 AND z.ZipCode = a.ZipCode AND (3956 * (2 * ASIN(SQRT(POWER(SIN(((z.Latitude-o.Latitude)*0.017453293)/2),2) + COS(z.Latitude*0.017453293) * COS(o.Latitude*0.017453293) * POWER(SIN(((z.Longitude-o.Longitude)*0.017453293)/2),2))))) <= 50 ORDER BY Distance[0m
  [4;36;1mZipCode Columns (1.7ms)[0m   [0;1mSHOW FIELDS FROM `zip_codes`[0m
Rendering googlemap/index
Completed in 264ms (View: 2, DB: 169) | 200 OK [http://localhost/googlemap]
  [4;35;1mSQL (19.9ms)[0m   [0mSET NAMES 'utf8'[0m
  [4;36;1mSQL (0.2ms)[0m   [0;1mSET SQL_AUTO_IS_NULL=0[0m


Processing GooglemapController#index (for 127.0.0.1 at 2011-02-11 15:18:01) [GET]
  [4;35;1mZipCode Load (156.4ms)[0m   [0m SELECT o.ZipCode, o.Latitude, o.Longitude, o.State,(3956 * (2 * ASIN(SQRT(POWER(SIN(((z.Latitude-o.Latitude)*0.017453293)/2),2) +COS(z.Latitude*0.017453293) *COS(o.Latitude*0.017453293) *POWER(SIN(((z.Longitude-o.Longitude)*0.017453293)/2),2))))) AS Distance
 FROM zip_codes z,zip_codes o,zip_codes a
 WHERE z.ZipCode = 03038 AND z.ZipCode = a.ZipCode AND (3956 * (2 * ASIN(SQRT(POWER(SIN(((z.Latitude-o.Latitude)*0.017453293)/2),2) + COS(z.Latitude*0.017453293) * COS(o.Latitude*0.017453293) * POWER(SIN(((z.Longitude-o.Longitude)*0.017453293)/2),2))))) <= 50 ORDER BY Distance[0m
  [4;36;1mZipCode Columns (1.3ms)[0m   [0;1mSHOW FIELDS FROM `zip_codes`[0m
Rendering googlemap/index
Completed in 502ms (View: 2, DB: 178) | 200 OK [http://localhost/googlemap]
  [4;35;1mSQL (0.1ms)[0m   [0mSET NAMES 'utf8'[0m
  [4;36;1mSQL (0.1ms)[0m   [0;1mSET SQL_AUTO_IS_NULL=0[0m


Processing GooglemapController#index (for 127.0.0.1 at 2011-02-11 15:18:29) [GET]
  [4;35;1mZipCode Load (144.4ms)[0m   [0m SELECT o.ZipCode, o.Latitude, o.Longitude, o.State,(3956 * (2 * ASIN(SQRT(POWER(SIN(((z.Latitude-o.Latitude)*0.017453293)/2),2) +COS(z.Latitude*0.017453293) *COS(o.Latitude*0.017453293) *POWER(SIN(((z.Longitude-o.Longitude)*0.017453293)/2),2))))) AS Distance
 FROM zip_codes z,zip_codes o,zip_codes a
 WHERE z.ZipCode = 03038 AND z.ZipCode = a.ZipCode AND (3956 * (2 * ASIN(SQRT(POWER(SIN(((z.Latitude-o.Latitude)*0.017453293)/2),2) + COS(z.Latitude*0.017453293) * COS(o.Latitude*0.017453293) * POWER(SIN(((z.Longitude-o.Longitude)*0.017453293)/2),2))))) <= 50 ORDER BY Distance[0m
  [4;36;1mZipCode Columns (1.1ms)[0m   [0;1mSHOW FIELDS FROM `zip_codes`[0m
Rendering googlemap/index
Completed in 249ms (View: 7, DB: 146) | 200 OK [http://localhost/googlemap]
  [4;36;1mSQL (0.2ms)[0m   [0;1mSET NAMES 'utf8'[0m
  [4;35;1mSQL (0.1ms)[0m   [0mSET SQL_AUTO_IS_NULL=0[0m


Processing GooglemapController#index (for 127.0.0.1 at 2011-02-11 15:23:13) [GET]
  [4;36;1mZipCode Load (139.8ms)[0m   [0;1m SELECT o.ZipCode, o.Latitude, o.Longitude, o.State,(3956 * (2 * ASIN(SQRT(POWER(SIN(((z.Latitude-o.Latitude)*0.017453293)/2),2) +COS(z.Latitude*0.017453293) *COS(o.Latitude*0.017453293) *POWER(SIN(((z.Longitude-o.Longitude)*0.017453293)/2),2))))) AS Distance
 FROM zip_codes z,zip_codes o,zip_codes a
 WHERE z.ZipCode = 03038 AND z.ZipCode = a.ZipCode AND (3956 * (2 * ASIN(SQRT(POWER(SIN(((z.Latitude-o.Latitude)*0.017453293)/2),2) + COS(z.Latitude*0.017453293) * COS(o.Latitude*0.017453293) * POWER(SIN(((z.Longitude-o.Longitude)*0.017453293)/2),2))))) <= 50 ORDER BY Distance[0m
  [4;35;1mZipCode Columns (0.9ms)[0m   [0mSHOW FIELDS FROM `zip_codes`[0m
Rendering googlemap/index
Completed in 242ms (View: 10, DB: 141) | 200 OK [http://localhost/googlemap]
  [4;36;1mSQL (19.1ms)[0m   [0;1mSET NAMES 'utf8'[0m
  [4;35;1mSQL (0.2ms)[0m   [0mSET SQL_AUTO_IS_NULL=0[0m


Processing GooglemapController#index (for 127.0.0.1 at 2011-02-11 15:23:37) [GET]
  [4;36;1mZipCode Load (188.7ms)[0m   [0;1m SELECT o.ZipCode, o.Latitude, o.Longitude, o.State,(3956 * (2 * ASIN(SQRT(POWER(SIN(((z.Latitude-o.Latitude)*0.017453293)/2),2) +COS(z.Latitude*0.017453293) *COS(o.Latitude*0.017453293) *POWER(SIN(((z.Longitude-o.Longitude)*0.017453293)/2),2))))) AS Distance
 FROM zip_codes z,zip_codes o,zip_codes a
 WHERE z.ZipCode = 03038 AND z.ZipCode = a.ZipCode AND (3956 * (2 * ASIN(SQRT(POWER(SIN(((z.Latitude-o.Latitude)*0.017453293)/2),2) + COS(z.Latitude*0.017453293) * COS(o.Latitude*0.017453293) * POWER(SIN(((z.Longitude-o.Longitude)*0.017453293)/2),2))))) <= 50 ORDER BY Distance[0m
  [4;35;1mZipCode Columns (1.1ms)[0m   [0mSHOW FIELDS FROM `zip_codes`[0m
Rendering googlemap/index
Completed in 378ms (View: 2, DB: 209) | 200 OK [http://localhost/googlemap]
